unityLibrary/build/intermediates/manifest_merge_blame_file/debug/manifest-merger-blame-debug-report.txt
1<?xml version="1.0" encoding="utf-8"?>
2<!-- GENERATED BY UNITY. REMOVE THIS COMMENT TO PREVENT OVERWRITING WHEN EXPORTING AGAIN -->
3<manifest xmlns:android="http://schemas.android.com/apk/res/android"
4    xmlns:tools="http://schemas.android.com/tools"
5    package="com.unity3d.player"
6    android:versionCode="1"
7    android:versionName="2.0.0" >
8
9    <uses-sdk
10        android:minSdkVersion="19"
10-->src/main/AndroidManifest.xml
11        android:targetSdkVersion="29" />
11-->src/main/AndroidManifest.xml
12
13    <uses-feature android:glEsVersion="0x00020000" />
13-->src/main/AndroidManifest.xml:17:3-52
13-->src/main/AndroidManifest.xml:17:17-49
14    <uses-feature
14-->src/main/AndroidManifest.xml:18:3-88
15        android:name="android.hardware.touchscreen"
15-->src/main/AndroidManifest.xml:18:17-60
16        android:required="false" />
16-->src/main/AndroidManifest.xml:18:61-85
17    <uses-feature
17-->src/main/AndroidManifest.xml:19:3-99
18        android:name="android.hardware.touchscreen.multitouch"
18-->src/main/AndroidManifest.xml:19:17-71
19        android:required="false" />
19-->src/main/AndroidManifest.xml:19:72-96
20    <uses-feature
20-->src/main/AndroidManifest.xml:20:3-108
21        android:name="android.hardware.touchscreen.multitouch.distinct"
21-->src/main/AndroidManifest.xml:20:17-80
22        android:required="false" />
22-->src/main/AndroidManifest.xml:20:81-105
23
24    <application>
24-->src/main/AndroidManifest.xml:4:3-16:17
25        <activity
25-->src/main/AndroidManifest.xml:5:5-11:16
26            android:name="com.unity3d.player.UnityPlayerActivity"
26-->src/main/AndroidManifest.xml:5:15-68
27            android:configChanges="mcc|mnc|locale|touchscreen|keyboard|keyboardHidden|navigation|orientation|screenLayout|uiMode|screenSize|smallestScreenSize|fontScale|layoutDirection|density"
27-->src/main/AndroidManifest.xml:5:182-363
28            android:hardwareAccelerated="false"
28-->src/main/AndroidManifest.xml:5:399-434
29            android:launchMode="singleTask"
29-->src/main/AndroidManifest.xml:5:150-181
30            android:resizeableActivity="false"
30-->src/main/AndroidManifest.xml:5:364-398
31            android:screenOrientation="fullSensor"
31-->src/main/AndroidManifest.xml:5:111-149
32            android:theme="@style/UnityThemeSelector" >
32-->src/main/AndroidManifest.xml:5:69-110
33            <intent-filter>
33-->src/main/AndroidManifest.xml:6:7-9:23
34                <action android:name="android.intent.action.MAIN" />
34-->src/main/AndroidManifest.xml:7:9-61
34-->src/main/AndroidManifest.xml:7:17-58
35
36                <category android:name="android.intent.category.LAUNCHER" />
36-->src/main/AndroidManifest.xml:8:9-69
36-->src/main/AndroidManifest.xml:8:19-66
37            </intent-filter>
38
39            <meta-data
39-->src/main/AndroidManifest.xml:10:7-82
40                android:name="unityplayer.UnityActivity"
40-->src/main/AndroidManifest.xml:10:18-58
41                android:value="true" />
41-->src/main/AndroidManifest.xml:10:59-79
42        </activity>
43
44        <meta-data
44-->src/main/AndroidManifest.xml:12:5-69
45            android:name="unity.splash-mode"
45-->src/main/AndroidManifest.xml:12:16-48
46            android:value="0" />
46-->src/main/AndroidManifest.xml:12:49-66
47        <meta-data
47-->src/main/AndroidManifest.xml:13:5-74
48            android:name="unity.splash-enable"
48-->src/main/AndroidManifest.xml:13:16-50
49            android:value="True" />
49-->src/main/AndroidManifest.xml:13:51-71
50        <meta-data
50-->src/main/AndroidManifest.xml:14:5-84
51            android:name="unity.allow-resizable-window"
51-->src/main/AndroidManifest.xml:14:16-59
52            android:value="False" />
52-->src/main/AndroidManifest.xml:14:60-81
53        <meta-data
53-->src/main/AndroidManifest.xml:15:5-101
54            android:name="unity.build-id"
54-->src/main/AndroidManifest.xml:15:16-45
55            android:value="004782d9-d985-4e59-9a80-684700712f55" />
55-->src/main/AndroidManifest.xml:15:46-98
56    </application>
57
58</manifest>